Determining if the pthread_create exist failed with the following output:
Change Dir: /home/ubuntu/demo/goods/build/CMakeFiles/CMakeTmp

Run Build Command:"/usr/bin/make" "cmTC_f7b72/fast"
/usr/bin/make -f CMakeFiles/cmTC_f7b72.dir/build.make CMakeFiles/cmTC_f7b72.dir/build
make[1]: Entering directory '/home/ubuntu/demo/goods/build/CMakeFiles/CMakeTmp'
Building C object CMakeFiles/cmTC_f7b72.dir/CheckSymbolExists.c.o
/usr/bin/cc    -o CMakeFiles/cmTC_f7b72.dir/CheckSymbolExists.c.o   -c /home/ubuntu/demo/goods/build/CMakeFiles/CMakeTmp/CheckSymbolExists.c
Linking C executable cmTC_f7b72
/usr/bin/cmake -E cmake_link_script CMakeFiles/cmTC_f7b72.dir/link.txt --verbose=1
/usr/bin/cc      CMakeFiles/cmTC_f7b72.dir/CheckSymbolExists.c.o  -o cmTC_f7b72 
CMakeFiles/cmTC_f7b72.dir/CheckSymbolExists.c.o: In function `main':
CheckSymbolExists.c:(.text+0x1b): undefined reference to `pthread_create'
collect2: error: ld returned 1 exit status
CMakeFiles/cmTC_f7b72.dir/build.make:97: recipe for target 'cmTC_f7b72' failed
make[1]: *** [cmTC_f7b72] Error 1
make[1]: Leaving directory '/home/ubuntu/demo/goods/build/CMakeFiles/CMakeTmp'
Makefile:126: recipe for target 'cmTC_f7b72/fast' failed
make: *** [cmTC_f7b72/fast] Error 2

File /home/ubuntu/demo/goods/build/CMakeFiles/CMakeTmp/CheckSymbolExists.c:
/* */
#include <pthread.h>

int main(int argc, char** argv)
{
  (void)argv;
#ifndef pthread_create
  return ((int*)(&pthread_create))[argc];
#else
  (void)argc;
  return 0;
#endif
}

Determining if the function pthread_create exists in the pthreads failed with the following output:
Change Dir: /home/ubuntu/demo/goods/build/CMakeFiles/CMakeTmp

Run Build Command:"/usr/bin/make" "cmTC_1bad9/fast"
/usr/bin/make -f CMakeFiles/cmTC_1bad9.dir/build.make CMakeFiles/cmTC_1bad9.dir/build
make[1]: Entering directory '/home/ubuntu/demo/goods/build/CMakeFiles/CMakeTmp'
Building C object CMakeFiles/cmTC_1bad9.dir/CheckFunctionExists.c.o
/usr/bin/cc   -DCHECK_FUNCTION_EXISTS=pthread_create   -o CMakeFiles/cmTC_1bad9.dir/CheckFunctionExists.c.o   -c /usr/share/cmake-3.10/Modules/CheckFunctionExists.c
Linking C executable cmTC_1bad9
/usr/bin/cmake -E cmake_link_script CMakeFiles/cmTC_1bad9.dir/link.txt --verbose=1
/usr/bin/cc  -DCHECK_FUNCTION_EXISTS=pthread_create    CMakeFiles/cmTC_1bad9.dir/CheckFunctionExists.c.o  -o cmTC_1bad9 -lpthreads 
/usr/bin/ld: cannot find -lpthreads
collect2: error: ld returned 1 exit status
CMakeFiles/cmTC_1bad9.dir/build.make:97: recipe for target 'cmTC_1bad9' failed
make[1]: *** [cmTC_1bad9] Error 1
make[1]: Leaving directory '/home/ubuntu/demo/goods/build/CMakeFiles/CMakeTmp'
Makefile:126: recipe for target 'cmTC_1bad9/fast' failed
make: *** [cmTC_1bad9/fast] Error 2


